ISim log file
Running: C:\Users\praveen\Documents\AA_MODULES\CG3207\Lab\CPU_Design\test_bench1_isim_beh.exe -intstyle ise -gui -tclbatch isim.cmd -wdb C:/Users/praveen/Documents/AA_MODULES/CG3207/Lab/CPU_Design/test_bench1_isim_beh.wdb 
ISim O.61xd (signature 0x1cce1bb2)
WARNING: A WEBPACK license was found.
WARNING: Please use Xilinx License Configuration Manager to check out a full ISim license.
WARNING: ISim will run in Lite mode. Please refer to the ISim documentation for more information on the differences between the Lite and the Full version.
This is a Lite version of ISim.
Time resolution is 1 ps
# onerror resume
# wave add /
# run 1000 ns
Simulator is doing circuit initialization process.
at 0 ps, Instance /test_bench1/uut/MUL/ : Warning: There is an 'U'|'X'|'W'|'Z'|'-' in an arithmetic operand, the result will be 'X'(es).
at 0 ps, Instance /test_bench1/uut/DIV/ : Warning: There is an 'U'|'X'|'W'|'Z'|'-' in an arithmetic operand, the result will be 'X'(es).
Finished circuit initialization process.
# restart
# run 1.00us
Simulator is doing circuit initialization process.
at 0 ps, Instance /test_bench1/uut/DIV/ : Warning: There is an 'U'|'X'|'W'|'Z'|'-' in an arithmetic operand, the result will be 'X'(es).
Finished circuit initialization process.
