Command line:
   int_rom_isim_beh.exe
     -simmode  gui
     -simrunnum  0
     -socket  57030

Wed Oct 03 02:05:42 2012


 Elaboration Time: 0.0156 sec

 Current Memory Usage: 507.855 Meg

 Total Signals          : 5
 Total Nets             : 27
 Total Signal Drivers   : 1
 Total Blocks           : 4
 Total Primitive Blocks : 4
 Total Processes        : 1
 Total Traceable Variables  : 11
 Total Scalar Nets and Variables : 33173
Total Line Count : 4

 Total Simulation Time: 0.0156 sec

 Current Memory Usage: 507.855 Meg

Wed Oct 03 02:05:49 2012

